{"numTotalTestSuites":8,"numPassedTestSuites":8,"numFailedTestSuites":0,"numPendingTestSuites":0,"numTotalTests":17,"numPassedTests":17,"numFailedTests":0,"numPendingTests":0,"numTodoTests":0,"snapshot":{"added":0,"failure":false,"filesAdded":0,"filesRemoved":0,"filesRemovedList":[],"filesUnmatched":0,"filesUpdated":0,"matched":0,"total":0,"unchecked":0,"uncheckedKeysByFile":[],"unmatched":0,"updated":0,"didUpdate":false},"startTime":1775694995441,"success":true,"testResults":[{"assertionResults":[{"ancestorTitles":["Phase 8 UX simplification"],"fullName":"Phase 8 UX simplification keeps the public dashboard focused on one action grid and two recent-activity sections","status":"passed","title":"keeps the public dashboard focused on one action grid and two recent-activity sections","duration":1.3448999999999955,"failureMessages":[],"meta":{},"tags":[]},{"ancestorTitles":["Phase 8 UX simplification"],"fullName":"Phase 8 UX simplification keeps the history page focused on one timeline view","status":"passed","title":"keeps the history page focused on one timeline view","duration":0.3708000000000027,"failureMessages":[],"meta":{},"tags":[]},{"ancestorTitles":["Phase 8 UX simplification"],"fullName":"Phase 8 UX simplification keeps calculator, incident reporting, and admin reports copy aligned with the simplified flow","status":"passed","title":"keeps calculator, incident reporting, and admin reports copy aligned with the simplified flow","duration":0.5911000000000115,"failureMessages":[],"meta":{},"tags":[]}],"startTime":1775694996008,"endTime":1775694996010.591,"status":"passed","message":"","name":"C:/Users/OCENA/OneDrive/Documents/Python Projects late 2024/Basey Fare Guide/frontend/src/__tests__/app/phase8-ux-simplification.test.ts"},{"assertionResults":[{"ancestorTitles":["Planner-only calculator entrypoints"],"fullName":"Planner-only calculator entrypoints renders the authenticated calculator through a guarded lazy wrapper and route loading skeleton","status":"passed","title":"renders the authenticated calculator through a guarded lazy wrapper and route loading skeleton","duration":1.524000000000001,"failureMessages":[],"meta":{},"tags":[]},{"ancestorTitles":["Planner-only calculator entrypoints"],"fullName":"Planner-only calculator entrypoints renders the public report route through a lazy wrapper and route loading skeleton","status":"passed","title":"renders the public report route through a lazy wrapper and route loading skeleton","duration":0.4128000000000043,"failureMessages":[],"meta":{},"tags":[]},{"ancestorTitles":["Planner-only calculator entrypoints"],"fullName":"Planner-only calculator entrypoints redirects legacy dashboard subpages into the unified authenticated routes","status":"passed","title":"redirects legacy dashboard subpages into the unified authenticated routes","duration":0.5430999999999813,"failureMessages":[],"meta":{},"tags":[]}],"startTime":1775694996010,"endTime":1775694996012.5432,"status":"passed","message":"","name":"C:/Users/OCENA/OneDrive/Documents/Python Projects late 2024/Basey Fare Guide/frontend/src/__tests__/app/planner-entrypoints.test.ts"},{"assertionResults":[{"ancestorTitles":["RoutePlannerCalculator"],"fullName":"RoutePlannerCalculator replaces the old split-mode planner copy with stacked route fields and vehicle-ready save support","status":"passed","title":"replaces the old split-mode planner copy with stacked route fields and vehicle-ready save support","duration":8.94250000000011,"failureMessages":[],"meta":{},"tags":[]},{"ancestorTitles":["RoutePlannerCalculator"],"fullName":"RoutePlannerCalculator auto-calculates after placing two pins and saves pin metadata on the same planner surface","status":"passed","title":"auto-calculates after placing two pins and saves pin metadata on the same planner surface","duration":37.07050000000004,"failureMessages":[],"meta":{},"tags":[]},{"ancestorTitles":["RoutePlannerCalculator"],"fullName":"RoutePlannerCalculator supports typed saved-place search while preserving the same route calculation pipeline","status":"passed","title":"supports typed saved-place search while preserving the same route calculation pipeline","duration":25.587299999999914,"failureMessages":[],"meta":{},"tags":[]},{"ancestorTitles":["RoutePlannerCalculator"],"fullName":"RoutePlannerCalculator keeps current-location, swap, and reset controls working in the stacked planner layout","status":"passed","title":"keeps current-location, swap, and reset controls working in the stacked planner layout","duration":29.229900000000043,"failureMessages":[],"meta":{},"tags":[]},{"ancestorTitles":["RoutePlannerCalculator"],"fullName":"RoutePlannerCalculator prevents stale responses and duplicate recalculation for unchanged routes while preserving first-fit behavior","status":"passed","title":"prevents stale responses and duplicate recalculation for unchanged routes while preserving first-fit behavior","duration":35.23149999999987,"failureMessages":[],"meta":{},"tags":[]},{"ancestorTitles":["RoutePlannerCalculator"],"fullName":"RoutePlannerCalculator shows fallback and route failure states truthfully while keeping the current selections editable","status":"passed","title":"shows fallback and route failure states truthfully while keeping the current selections editable","duration":20.5458000000001,"failureMessages":[],"meta":{},"tags":[]}],"startTime":1775694996975,"endTime":1775694997132.546,"status":"passed","message":"","name":"C:/Users/OCENA/OneDrive/Documents/Python Projects late 2024/Basey Fare Guide/frontend/src/__tests__/app/route-planner-ui.test.tsx"},{"assertionResults":[{"ancestorTitles":["vehicle loading behavior"],"fullName":"vehicle loading behavior does not fetch vehicles or geolocation on incident report mount","status":"passed","title":"does not fetch vehicles or geolocation on incident report mount","duration":30.51859999999988,"failureMessages":[],"meta":{},"tags":[]},{"ancestorTitles":["vehicle loading behavior"],"fullName":"vehicle loading behavior auto-fills the location field when GPS resolves a barangay","status":"passed","title":"auto-fills the location field when GPS resolves a barangay","duration":24.78370000000018,"failureMessages":[],"meta":{},"tags":[]},{"ancestorTitles":["vehicle loading behavior"],"fullName":"vehicle loading behavior keeps coordinate fallback as a valid selected location when GPS has no barangay match","status":"passed","title":"keeps coordinate fallback as a valid selected location when GPS has no barangay match","duration":14.539399999999887,"failureMessages":[],"meta":{},"tags":[]},{"ancestorTitles":["vehicle loading behavior"],"fullName":"vehicle loading behavior starts vehicle lookup only after debounce with 2+ characters and fills the selection details","status":"passed","title":"starts vehicle lookup only after debounce with 2+ characters and fills the selection details","duration":27.830900000000156,"failureMessages":[],"meta":{},"tags":[]},{"ancestorTitles":["vehicle loading behavior"],"fullName":"vehicle loading behavior does not fetch vehicle options on permit management mount","status":"passed","title":"does not fetch vehicle options on permit management mount","duration":4.757000000000062,"failureMessages":[],"meta":{},"tags":[]}],"startTime":1775694996948,"endTime":1775694997050.757,"status":"passed","message":"","name":"C:/Users/OCENA/OneDrive/Documents/Python Projects late 2024/Basey Fare Guide/frontend/src/__tests__/app/vehicle-loading-behavior.test.tsx"}]}