{"numTotalTestSuites":6,"numPassedTestSuites":6,"numFailedTestSuites":0,"numPendingTestSuites":0,"numTotalTests":12,"numPassedTests":12,"numFailedTests":0,"numPendingTests":0,"numTodoTests":0,"snapshot":{"added":0,"failure":false,"filesAdded":0,"filesRemoved":0,"filesRemovedList":[],"filesUnmatched":0,"filesUpdated":0,"matched":0,"total":0,"unchecked":0,"uncheckedKeysByFile":[],"unmatched":0,"updated":0,"didUpdate":false},"startTime":1775695799484,"success":true,"testResults":[{"assertionResults":[{"ancestorTitles":["Phase 8 UX simplification"],"fullName":"Phase 8 UX simplification keeps the public dashboard focused on one action grid and two recent-activity sections","status":"passed","title":"keeps the public dashboard focused on one action grid and two recent-activity sections","duration":1.6175000000000068,"failureMessages":[],"meta":{},"tags":[]},{"ancestorTitles":["Phase 8 UX simplification"],"fullName":"Phase 8 UX simplification keeps the history page focused on one timeline view","status":"passed","title":"keeps the history page focused on one timeline view","duration":0.8674000000000035,"failureMessages":[],"meta":{},"tags":[]},{"ancestorTitles":["Phase 8 UX simplification"],"fullName":"Phase 8 UX simplification keeps calculator, incident reporting, and admin reports copy aligned with the simplified flow","status":"passed","title":"keeps calculator, incident reporting, and admin reports copy aligned with the simplified flow","duration":1.4883999999999844,"failureMessages":[],"meta":{},"tags":[]}],"startTime":1775695800199,"endTime":1775695800202.4883,"status":"passed","message":"","name":"C:/Users/OCENA/OneDrive/Documents/Python Projects late 2024/Basey Fare Guide/frontend/src/__tests__/app/phase8-ux-simplification.test.ts"},{"assertionResults":[{"ancestorTitles":["Planner-only calculator entrypoints"],"fullName":"Planner-only calculator entrypoints renders the authenticated calculator through a guarded lazy wrapper and route loading skeleton","status":"passed","title":"renders the authenticated calculator through a guarded lazy wrapper and route loading skeleton","duration":1.8684000000000083,"failureMessages":[],"meta":{},"tags":[]},{"ancestorTitles":["Planner-only calculator entrypoints"],"fullName":"Planner-only calculator entrypoints renders the public report route through a lazy wrapper and route loading skeleton","status":"passed","title":"renders the public report route through a lazy wrapper and route loading skeleton","duration":0.4923000000000002,"failureMessages":[],"meta":{},"tags":[]},{"ancestorTitles":["Planner-only calculator entrypoints"],"fullName":"Planner-only calculator entrypoints redirects legacy dashboard subpages into the unified authenticated routes","status":"passed","title":"redirects legacy dashboard subpages into the unified authenticated routes","duration":0.693099999999987,"failureMessages":[],"meta":{},"tags":[]}],"startTime":1775695800207,"endTime":1775695800209.693,"status":"passed","message":"","name":"C:/Users/OCENA/OneDrive/Documents/Python Projects late 2024/Basey Fare Guide/frontend/src/__tests__/app/planner-entrypoints.test.ts"},{"assertionResults":[{"ancestorTitles":["RoutePlannerCalculator"],"fullName":"RoutePlannerCalculator replaces the old split-mode planner copy with a pin-only route surface and optional vehicle support","status":"passed","title":"replaces the old split-mode planner copy with a pin-only route surface and optional vehicle support","duration":10.357600000000048,"failureMessages":[],"meta":{},"tags":[]},{"ancestorTitles":["RoutePlannerCalculator"],"fullName":"RoutePlannerCalculator keeps the pin-only planner surface free of typed origin and destination fields","status":"passed","title":"keeps the pin-only planner surface free of typed origin and destination fields","duration":16.49459999999999,"failureMessages":[],"meta":{},"tags":[]},{"ancestorTitles":["RoutePlannerCalculator"],"fullName":"RoutePlannerCalculator auto-calculates after placing two pins and saves pin metadata on the same planner surface","status":"passed","title":"auto-calculates after placing two pins and saves pin metadata on the same planner surface","duration":24.30690000000004,"failureMessages":[],"meta":{},"tags":[]},{"ancestorTitles":["RoutePlannerCalculator"],"fullName":"RoutePlannerCalculator lets riders reset both pins after a route has been created","status":"passed","title":"lets riders reset both pins after a route has been created","duration":10.26559999999995,"failureMessages":[],"meta":{},"tags":[]},{"ancestorTitles":["RoutePlannerCalculator"],"fullName":"RoutePlannerCalculator prevents stale responses and duplicate recalculation for unchanged routes while preserving first-fit behavior","status":"passed","title":"prevents stale responses and duplicate recalculation for unchanged routes while preserving first-fit behavior","duration":10.406199999999899,"failureMessages":[],"meta":{},"tags":[]},{"ancestorTitles":["RoutePlannerCalculator"],"fullName":"RoutePlannerCalculator shows fallback and route failure states truthfully while keeping the current selections editable","status":"passed","title":"shows fallback and route failure states truthfully while keeping the current selections editable","duration":13.587600000000066,"failureMessages":[],"meta":{},"tags":[]}],"startTime":1775695801305,"endTime":1775695801390.5876,"status":"passed","message":"","name":"C:/Users/OCENA/OneDrive/Documents/Python Projects late 2024/Basey Fare Guide/frontend/src/__tests__/app/route-planner-ui.test.tsx"}]}