{"numTotalTestSuites":6,"numPassedTestSuites":6,"numFailedTestSuites":0,"numPendingTestSuites":0,"numTotalTests":11,"numPassedTests":11,"numFailedTests":0,"numPendingTests":0,"numTodoTests":0,"snapshot":{"added":0,"failure":false,"filesAdded":0,"filesRemoved":0,"filesRemovedList":[],"filesUnmatched":0,"filesUpdated":0,"matched":0,"total":0,"unchecked":0,"uncheckedKeysByFile":[],"unmatched":0,"updated":0,"didUpdate":false},"startTime":1775695593461,"success":true,"testResults":[{"assertionResults":[{"ancestorTitles":["Phase 8 UX simplification"],"fullName":"Phase 8 UX simplification keeps the public dashboard focused on one action grid and two recent-activity sections","status":"passed","title":"keeps the public dashboard focused on one action grid and two recent-activity sections","duration":1.7645000000000266,"failureMessages":[],"meta":{},"tags":[]},{"ancestorTitles":["Phase 8 UX simplification"],"fullName":"Phase 8 UX simplification keeps the history page focused on one timeline view","status":"passed","title":"keeps the history page focused on one timeline view","duration":0.39220000000000255,"failureMessages":[],"meta":{},"tags":[]},{"ancestorTitles":["Phase 8 UX simplification"],"fullName":"Phase 8 UX simplification keeps calculator, incident reporting, and admin reports copy aligned with the simplified flow","status":"passed","title":"keeps calculator, incident reporting, and admin reports copy aligned with the simplified flow","duration":0.532100000000014,"failureMessages":[],"meta":{},"tags":[]}],"startTime":1775695593884,"endTime":1775695593886.532,"status":"passed","message":"","name":"C:/Users/OCENA/OneDrive/Documents/Python Projects late 2024/Basey Fare Guide/frontend/src/__tests__/app/phase8-ux-simplification.test.ts"},{"assertionResults":[{"ancestorTitles":["Planner-only calculator entrypoints"],"fullName":"Planner-only calculator entrypoints renders the authenticated calculator through a guarded lazy wrapper and route loading skeleton","status":"passed","title":"renders the authenticated calculator through a guarded lazy wrapper and route loading skeleton","duration":2.024499999999989,"failureMessages":[],"meta":{},"tags":[]},{"ancestorTitles":["Planner-only calculator entrypoints"],"fullName":"Planner-only calculator entrypoints renders the public report route through a lazy wrapper and route loading skeleton","status":"passed","title":"renders the public report route through a lazy wrapper and route loading skeleton","duration":0.39790000000002124,"failureMessages":[],"meta":{},"tags":[]},{"ancestorTitles":["Planner-only calculator entrypoints"],"fullName":"Planner-only calculator entrypoints redirects legacy dashboard subpages into the unified authenticated routes","status":"passed","title":"redirects legacy dashboard subpages into the unified authenticated routes","duration":0.5519000000000176,"failureMessages":[],"meta":{},"tags":[]}],"startTime":1775695593884,"endTime":1775695593887.552,"status":"passed","message":"","name":"C:/Users/OCENA/OneDrive/Documents/Python Projects late 2024/Basey Fare Guide/frontend/src/__tests__/app/planner-entrypoints.test.ts"},{"assertionResults":[{"ancestorTitles":["RoutePlannerCalculator"],"fullName":"RoutePlannerCalculator replaces the old split-mode planner copy with a pin-only route surface and optional vehicle support","status":"passed","title":"replaces the old split-mode planner copy with a pin-only route surface and optional vehicle support","duration":8.470299999999952,"failureMessages":[],"meta":{},"tags":[]},{"ancestorTitles":["RoutePlannerCalculator"],"fullName":"RoutePlannerCalculator keeps the pin-only planner surface free of typed origin and destination fields","status":"passed","title":"keeps the pin-only planner surface free of typed origin and destination fields","duration":13.680299999999988,"failureMessages":[],"meta":{},"tags":[]},{"ancestorTitles":["RoutePlannerCalculator"],"fullName":"RoutePlannerCalculator auto-calculates after placing two pins and saves pin metadata on the same planner surface","status":"passed","title":"auto-calculates after placing two pins and saves pin metadata on the same planner surface","duration":17.861900000000105,"failureMessages":[],"meta":{},"tags":[]},{"ancestorTitles":["RoutePlannerCalculator"],"fullName":"RoutePlannerCalculator prevents stale responses and duplicate recalculation for unchanged routes while preserving first-fit behavior","status":"passed","title":"prevents stale responses and duplicate recalculation for unchanged routes while preserving first-fit behavior","duration":9.028699999999844,"failureMessages":[],"meta":{},"tags":[]},{"ancestorTitles":["RoutePlannerCalculator"],"fullName":"RoutePlannerCalculator shows fallback and route failure states truthfully while keeping the current selections editable","status":"passed","title":"shows fallback and route failure states truthfully while keeping the current selections editable","duration":8.851899999999887,"failureMessages":[],"meta":{},"tags":[]}],"startTime":1775695594772,"endTime":1775695594829.8518,"status":"passed","message":"","name":"C:/Users/OCENA/OneDrive/Documents/Python Projects late 2024/Basey Fare Guide/frontend/src/__tests__/app/route-planner-ui.test.tsx"}]}