{"numTotalTestSuites":6,"numPassedTestSuites":6,"numFailedTestSuites":0,"numPendingTestSuites":0,"numTotalTests":12,"numPassedTests":12,"numFailedTests":0,"numPendingTests":0,"numTodoTests":0,"snapshot":{"added":0,"failure":false,"filesAdded":0,"filesRemoved":0,"filesRemovedList":[],"filesUnmatched":0,"filesUpdated":0,"matched":0,"total":0,"unchecked":0,"uncheckedKeysByFile":[],"unmatched":0,"updated":0,"didUpdate":false},"startTime":1775694935189,"success":true,"testResults":[{"assertionResults":[{"ancestorTitles":["Phase 8 UX simplification"],"fullName":"Phase 8 UX simplification keeps the public dashboard focused on one action grid and two recent-activity sections","status":"passed","title":"keeps the public dashboard focused on one action grid and two recent-activity sections","duration":1.433499999999981,"failureMessages":[],"meta":{},"tags":[]},{"ancestorTitles":["Phase 8 UX simplification"],"fullName":"Phase 8 UX simplification keeps the history page focused on one timeline view","status":"passed","title":"keeps the history page focused on one timeline view","duration":0.38050000000001205,"failureMessages":[],"meta":{},"tags":[]},{"ancestorTitles":["Phase 8 UX simplification"],"fullName":"Phase 8 UX simplification keeps calculator, incident reporting, and admin reports copy aligned with the simplified flow","status":"passed","title":"keeps calculator, incident reporting, and admin reports copy aligned with the simplified flow","duration":1.1906000000000176,"failureMessages":[],"meta":{},"tags":[]}],"startTime":1775694935660,"endTime":1775694935663.1907,"status":"passed","message":"","name":"C:/Users/OCENA/OneDrive/Documents/Python Projects late 2024/Basey Fare Guide/frontend/src/__tests__/app/phase8-ux-simplification.test.ts"},{"assertionResults":[{"ancestorTitles":["Planner-only calculator entrypoints"],"fullName":"Planner-only calculator entrypoints renders the authenticated calculator through a guarded lazy wrapper and route loading skeleton","status":"passed","title":"renders the authenticated calculator through a guarded lazy wrapper and route loading skeleton","duration":1.5399000000000171,"failureMessages":[],"meta":{},"tags":[]},{"ancestorTitles":["Planner-only calculator entrypoints"],"fullName":"Planner-only calculator entrypoints renders the public report route through a lazy wrapper and route loading skeleton","status":"passed","title":"renders the public report route through a lazy wrapper and route loading skeleton","duration":0.3844999999999743,"failureMessages":[],"meta":{},"tags":[]},{"ancestorTitles":["Planner-only calculator entrypoints"],"fullName":"Planner-only calculator entrypoints redirects legacy dashboard subpages into the unified authenticated routes","status":"passed","title":"redirects legacy dashboard subpages into the unified authenticated routes","duration":0.5176999999999907,"failureMessages":[],"meta":{},"tags":[]}],"startTime":1775694935647,"endTime":1775694935649.5176,"status":"passed","message":"","name":"C:/Users/OCENA/OneDrive/Documents/Python Projects late 2024/Basey Fare Guide/frontend/src/__tests__/app/planner-entrypoints.test.ts"},{"assertionResults":[{"ancestorTitles":["RoutePlannerCalculator"],"fullName":"RoutePlannerCalculator replaces the old split-mode planner copy with stacked route fields and vehicle-ready save support","status":"passed","title":"replaces the old split-mode planner copy with stacked route fields and vehicle-ready save support","duration":13.128400000000056,"failureMessages":[],"meta":{},"tags":[]},{"ancestorTitles":["RoutePlannerCalculator"],"fullName":"RoutePlannerCalculator auto-calculates after placing two pins and saves pin metadata on the same planner surface","status":"passed","title":"auto-calculates after placing two pins and saves pin metadata on the same planner surface","duration":58.69209999999998,"failureMessages":[],"meta":{},"tags":[]},{"ancestorTitles":["RoutePlannerCalculator"],"fullName":"RoutePlannerCalculator supports typed saved-place search while preserving the same route calculation pipeline","status":"passed","title":"supports typed saved-place search while preserving the same route calculation pipeline","duration":51.98610000000008,"failureMessages":[],"meta":{},"tags":[]},{"ancestorTitles":["RoutePlannerCalculator"],"fullName":"RoutePlannerCalculator keeps current-location, swap, and reset controls working in the stacked planner layout","status":"passed","title":"keeps current-location, swap, and reset controls working in the stacked planner layout","duration":36.38940000000002,"failureMessages":[],"meta":{},"tags":[]},{"ancestorTitles":["RoutePlannerCalculator"],"fullName":"RoutePlannerCalculator prevents stale responses and duplicate recalculation for unchanged routes while preserving first-fit behavior","status":"passed","title":"prevents stale responses and duplicate recalculation for unchanged routes while preserving first-fit behavior","duration":21.388000000000147,"failureMessages":[],"meta":{},"tags":[]},{"ancestorTitles":["RoutePlannerCalculator"],"fullName":"RoutePlannerCalculator shows fallback and route failure states truthfully while keeping the current selections editable","status":"passed","title":"shows fallback and route failure states truthfully while keeping the current selections editable","duration":19.018299999999954,"failureMessages":[],"meta":{},"tags":[]}],"startTime":1775694936678,"endTime":1775694936878.0183,"status":"passed","message":"","name":"C:/Users/OCENA/OneDrive/Documents/Python Projects late 2024/Basey Fare Guide/frontend/src/__tests__/app/route-planner-ui.test.tsx"}]}